{"C:\\Users\\Du\\Desktop\\SCHOOL\\SPRING2021\\4353\\COSC4353FuelApp\\util.js": {"path":"C:\\Users\\Du\\Desktop\\SCHOOL\\SPRING2021\\4353\\COSC4353FuelApp\\util.js","statementMap":{"0":{"start":{"line":2,"column":4},"end":{"line":2,"column":33}},"1":{"start":{"line":6,"column":4},"end":{"line":11,"column":5}},"2":{"start":{"line":7,"column":8},"end":{"line":7,"column":21}},"3":{"start":{"line":10,"column":8},"end":{"line":10,"column":20}},"4":{"start":{"line":15,"column":4},"end":{"line":25,"column":5}},"5":{"start":{"line":16,"column":8},"end":{"line":16,"column":28}},"6":{"start":{"line":17,"column":11},"end":{"line":25,"column":5}},"7":{"start":{"line":18,"column":8},"end":{"line":18,"column":27}},"8":{"start":{"line":19,"column":11},"end":{"line":25,"column":5}},"9":{"start":{"line":20,"column":8},"end":{"line":20,"column":25}},"10":{"start":{"line":21,"column":11},"end":{"line":25,"column":5}},"11":{"start":{"line":22,"column":8},"end":{"line":22,"column":28}},"12":{"start":{"line":23,"column":11},"end":{"line":25,"column":5}},"13":{"start":{"line":24,"column":8},"end":{"line":24,"column":27}},"14":{"start":{"line":26,"column":4},"end":{"line":26,"column":17}},"15":{"start":{"line":29,"column":0},"end":{"line":29,"column":35}},"16":{"start":{"line":30,"column":0},"end":{"line":30,"column":37}},"17":{"start":{"line":31,"column":0},"end":{"line":31,"column":43}}},"fnMap":{"0":{"name":"testLogin","decl":{"start":{"line":1,"column":9},"end":{"line":1,"column":18}},"loc":{"start":{"line":1,"column":29},"end":{"line":3,"column":1}},"line":1},"1":{"name":"validateUser","decl":{"start":{"line":5,"column":9},"end":{"line":5,"column":21}},"loc":{"start":{"line":5,"column":27},"end":{"line":12,"column":1}},"line":5},"2":{"name":"checkPwd","decl":{"start":{"line":14,"column":9},"end":{"line":14,"column":17}},"loc":{"start":{"line":14,"column":23},"end":{"line":27,"column":1}},"line":14}},"branchMap":{"0":{"loc":{"start":{"line":6,"column":4},"end":{"line":11,"column":5}},"type":"if","locations":[{"start":{"line":6,"column":4},"end":{"line":11,"column":5}},{"start":{"line":6,"column":4},"end":{"line":11,"column":5}}],"line":6},"1":{"loc":{"start":{"line":6,"column":7},"end":{"line":6,"column":42}},"type":"binary-expr","locations":[{"start":{"line":6,"column":7},"end":{"line":6,"column":22}},{"start":{"line":6,"column":26},"end":{"line":6,"column":42}}],"line":6},"2":{"loc":{"start":{"line":15,"column":4},"end":{"line":25,"column":5}},"type":"if","locations":[{"start":{"line":15,"column":4},"end":{"line":25,"column":5}},{"start":{"line":15,"column":4},"end":{"line":25,"column":5}}],"line":15},"3":{"loc":{"start":{"line":17,"column":11},"end":{"line":25,"column":5}},"type":"if","locations":[{"start":{"line":17,"column":11},"end":{"line":25,"column":5}},{"start":{"line":17,"column":11},"end":{"line":25,"column":5}}],"line":17},"4":{"loc":{"start":{"line":19,"column":11},"end":{"line":25,"column":5}},"type":"if","locations":[{"start":{"line":19,"column":11},"end":{"line":25,"column":5}},{"start":{"line":19,"column":11},"end":{"line":25,"column":5}}],"line":19},"5":{"loc":{"start":{"line":21,"column":11},"end":{"line":25,"column":5}},"type":"if","locations":[{"start":{"line":21,"column":11},"end":{"line":25,"column":5}},{"start":{"line":21,"column":11},"end":{"line":25,"column":5}}],"line":21},"6":{"loc":{"start":{"line":23,"column":11},"end":{"line":25,"column":5}},"type":"if","locations":[{"start":{"line":23,"column":11},"end":{"line":25,"column":5}},{"start":{"line":23,"column":11},"end":{"line":25,"column":5}}],"line":23}},"s":{"0":4,"1":4,"2":2,"3":2,"4":9,"5":3,"6":6,"7":1,"8":5,"9":1,"10":4,"11":1,"12":3,"13":0,"14":3,"15":1,"16":1,"17":1},"f":{"0":4,"1":4,"2":9},"b":{"0":[2,2],"1":[4,3],"2":[3,6],"3":[1,5],"4":[1,4],"5":[1,3],"6":[0,3]},"_coverageSchema":"1a1c01bbd47fc00a2c39e90264f33305004495a9","hash":"8fd4b1b79862f355d894dc4c4b7f8bfb75c49cf6"}
}
