{"C:\\Users\\Du\\Desktop\\SCHOOL\\SPRING2021\\4353\\COSC4353FuelApp\\FullApp\\client\\js\\login_func.js": {"path":"C:\\Users\\Du\\Desktop\\SCHOOL\\SPRING2021\\4353\\COSC4353FuelApp\\FullApp\\client\\js\\login_func.js","statementMap":{"0":{"start":{"line":2,"column":10},"end":{"line":2,"column":23}},"1":{"start":{"line":3,"column":13},"end":{"line":3,"column":14}},"2":{"start":{"line":6,"column":10},"end":{"line":6,"column":11}},"3":{"start":{"line":8,"column":11},"end":{"line":8,"column":13}},"4":{"start":{"line":10,"column":13},"end":{"line":10,"column":15}},"5":{"start":{"line":13,"column":15},"end":{"line":13,"column":17}},"6":{"start":{"line":14,"column":13},"end":{"line":14,"column":14}},"7":{"start":{"line":15,"column":10},"end":{"line":15,"column":11}},"8":{"start":{"line":16,"column":10},"end":{"line":16,"column":11}},"9":{"start":{"line":17,"column":10},"end":{"line":17,"column":11}},"10":{"start":{"line":21,"column":17},"end":{"line":21,"column":56}},"11":{"start":{"line":22,"column":17},"end":{"line":22,"column":56}},"12":{"start":{"line":23,"column":4},"end":{"line":23,"column":22}},"13":{"start":{"line":24,"column":4},"end":{"line":24,"column":24}},"14":{"start":{"line":25,"column":14},"end":{"line":25,"column":35}},"15":{"start":{"line":27,"column":4},"end":{"line":30,"column":5}},"16":{"start":{"line":28,"column":8},"end":{"line":28,"column":49}},"17":{"start":{"line":29,"column":8},"end":{"line":29,"column":21}},"18":{"start":{"line":31,"column":4},"end":{"line":46,"column":5}},"19":{"start":{"line":32,"column":25},"end":{"line":32,"column":74}},"20":{"start":{"line":33,"column":25},"end":{"line":33,"column":46}},"21":{"start":{"line":34,"column":19},"end":{"line":34,"column":21}},"22":{"start":{"line":35,"column":8},"end":{"line":35,"column":24}},"23":{"start":{"line":36,"column":8},"end":{"line":43,"column":9}},"24":{"start":{"line":38,"column":27},"end":{"line":38,"column":48}},"25":{"start":{"line":39,"column":12},"end":{"line":39,"column":53}},"26":{"start":{"line":42,"column":12},"end":{"line":42,"column":52}},"27":{"start":{"line":45,"column":6},"end":{"line":45,"column":31}},"28":{"start":{"line":51,"column":4},"end":{"line":53,"column":5}},"29":{"start":{"line":52,"column":8},"end":{"line":52,"column":16}},"30":{"start":{"line":54,"column":15},"end":{"line":54,"column":54}},"31":{"start":{"line":55,"column":15},"end":{"line":55,"column":54}},"32":{"start":{"line":56,"column":17},"end":{"line":56,"column":20}},"33":{"start":{"line":57,"column":4},"end":{"line":72,"column":5}},"34":{"start":{"line":58,"column":21},"end":{"line":62,"column":9}},"35":{"start":{"line":63,"column":25},"end":{"line":67,"column":10}},"36":{"start":{"line":68,"column":8},"end":{"line":68,"column":42}},"37":{"start":{"line":69,"column":8},"end":{"line":69,"column":44}},"38":{"start":{"line":71,"column":8},"end":{"line":71,"column":33}},"39":{"start":{"line":76,"column":4},"end":{"line":90,"column":5}},"40":{"start":{"line":77,"column":25},"end":{"line":77,"column":65}},"41":{"start":{"line":78,"column":25},"end":{"line":78,"column":46}},"42":{"start":{"line":79,"column":19},"end":{"line":79,"column":21}},"43":{"start":{"line":80,"column":8},"end":{"line":80,"column":24}},"44":{"start":{"line":81,"column":8},"end":{"line":86,"column":9}},"45":{"start":{"line":82,"column":12},"end":{"line":82,"column":20}},"46":{"start":{"line":85,"column":12},"end":{"line":85,"column":37}},"47":{"start":{"line":89,"column":6},"end":{"line":89,"column":31}},"48":{"start":{"line":94,"column":14},"end":{"line":94,"column":33}},"49":{"start":{"line":95,"column":4},"end":{"line":109,"column":5}},"50":{"start":{"line":96,"column":25},"end":{"line":96,"column":72}},"51":{"start":{"line":97,"column":25},"end":{"line":97,"column":46}},"52":{"start":{"line":98,"column":19},"end":{"line":98,"column":21}},"53":{"start":{"line":99,"column":8},"end":{"line":99,"column":24}},"54":{"start":{"line":100,"column":8},"end":{"line":105,"column":9}},"55":{"start":{"line":101,"column":12},"end":{"line":101,"column":33}},"56":{"start":{"line":104,"column":12},"end":{"line":104,"column":47}},"57":{"start":{"line":106,"column":8},"end":{"line":106,"column":38}},"58":{"start":{"line":108,"column":6},"end":{"line":108,"column":31}},"59":{"start":{"line":115,"column":14},"end":{"line":115,"column":20}},"60":{"start":{"line":116,"column":4},"end":{"line":125,"column":5}},"61":{"start":{"line":117,"column":25},"end":{"line":117,"column":73}},"62":{"start":{"line":118,"column":25},"end":{"line":118,"column":46}},"63":{"start":{"line":119,"column":19},"end":{"line":119,"column":21}},"64":{"start":{"line":120,"column":8},"end":{"line":120,"column":24}},"65":{"start":{"line":121,"column":8},"end":{"line":121,"column":36}},"66":{"start":{"line":122,"column":8},"end":{"line":122,"column":45}},"67":{"start":{"line":124,"column":6},"end":{"line":124,"column":31}},"68":{"start":{"line":130,"column":14},"end":{"line":130,"column":33}},"69":{"start":{"line":131,"column":4},"end":{"line":131,"column":21}},"70":{"start":{"line":132,"column":4},"end":{"line":140,"column":5}},"71":{"start":{"line":133,"column":23},"end":{"line":133,"column":76}},"72":{"start":{"line":134,"column":23},"end":{"line":134,"column":44}},"73":{"start":{"line":135,"column":6},"end":{"line":135,"column":24}},"74":{"start":{"line":136,"column":6},"end":{"line":136,"column":28}},"75":{"start":{"line":137,"column":6},"end":{"line":137,"column":20}},"76":{"start":{"line":139,"column":6},"end":{"line":139,"column":31}},"77":{"start":{"line":144,"column":14},"end":{"line":144,"column":33}},"78":{"start":{"line":145,"column":4},"end":{"line":145,"column":21}},"79":{"start":{"line":146,"column":4},"end":{"line":156,"column":5}},"80":{"start":{"line":147,"column":23},"end":{"line":147,"column":74}},"81":{"start":{"line":148,"column":23},"end":{"line":148,"column":44}},"82":{"start":{"line":149,"column":21},"end":{"line":149,"column":29}},"83":{"start":{"line":150,"column":8},"end":{"line":150,"column":46}},"84":{"start":{"line":151,"column":8},"end":{"line":151,"column":41}},"85":{"start":{"line":152,"column":8},"end":{"line":152,"column":21}},"86":{"start":{"line":155,"column":6},"end":{"line":155,"column":31}},"87":{"start":{"line":161,"column":14},"end":{"line":161,"column":33}},"88":{"start":{"line":162,"column":4},"end":{"line":171,"column":5}},"89":{"start":{"line":163,"column":23},"end":{"line":163,"column":74}},"90":{"start":{"line":164,"column":23},"end":{"line":164,"column":44}},"91":{"start":{"line":165,"column":21},"end":{"line":165,"column":29}},"92":{"start":{"line":166,"column":8},"end":{"line":166,"column":44}},"93":{"start":{"line":167,"column":8},"end":{"line":167,"column":41}},"94":{"start":{"line":170,"column":6},"end":{"line":170,"column":31}},"95":{"start":{"line":176,"column":14},"end":{"line":176,"column":33}},"96":{"start":{"line":177,"column":4},"end":{"line":186,"column":5}},"97":{"start":{"line":178,"column":23},"end":{"line":178,"column":76}},"98":{"start":{"line":179,"column":23},"end":{"line":179,"column":44}},"99":{"start":{"line":180,"column":21},"end":{"line":180,"column":29}},"100":{"start":{"line":181,"column":8},"end":{"line":181,"column":46}},"101":{"start":{"line":182,"column":8},"end":{"line":182,"column":43}},"102":{"start":{"line":185,"column":6},"end":{"line":185,"column":31}},"103":{"start":{"line":190,"column":19},"end":{"line":192,"column":1}},"104":{"start":{"line":191,"column":4},"end":{"line":191,"column":71}},"105":{"start":{"line":194,"column":16},"end":{"line":196,"column":1}},"106":{"start":{"line":195,"column":4},"end":{"line":195,"column":16}},"107":{"start":{"line":198,"column":0},"end":{"line":200,"column":1}},"108":{"start":{"line":199,"column":4},"end":{"line":199,"column":20}},"109":{"start":{"line":202,"column":0},"end":{"line":207,"column":1}},"110":{"start":{"line":203,"column":16},"end":{"line":203,"column":54}},"111":{"start":{"line":204,"column":4},"end":{"line":204,"column":90}},"112":{"start":{"line":205,"column":4},"end":{"line":205,"column":14}},"113":{"start":{"line":206,"column":4},"end":{"line":206,"column":14}},"114":{"start":{"line":209,"column":0},"end":{"line":212,"column":1}},"115":{"start":{"line":210,"column":4},"end":{"line":210,"column":16}},"116":{"start":{"line":211,"column":4},"end":{"line":211,"column":18}},"117":{"start":{"line":215,"column":14},"end":{"line":215,"column":33}},"118":{"start":{"line":216,"column":4},"end":{"line":228,"column":5}},"119":{"start":{"line":217,"column":25},"end":{"line":217,"column":81}},"120":{"start":{"line":218,"column":25},"end":{"line":218,"column":46}},"121":{"start":{"line":219,"column":21},"end":{"line":219,"column":29}},"122":{"start":{"line":220,"column":8},"end":{"line":225,"column":9}},"123":{"start":{"line":221,"column":12},"end":{"line":221,"column":55}},"124":{"start":{"line":224,"column":27},"end":{"line":224,"column":45}},"125":{"start":{"line":227,"column":8},"end":{"line":227,"column":33}},"126":{"start":{"line":232,"column":17},"end":{"line":232,"column":60}},"127":{"start":{"line":233,"column":4},"end":{"line":270,"column":5}},"128":{"start":{"line":234,"column":26},"end":{"line":234,"column":30}},"129":{"start":{"line":235,"column":25},"end":{"line":235,"column":29}},"130":{"start":{"line":236,"column":28},"end":{"line":236,"column":32}},"131":{"start":{"line":237,"column":24},"end":{"line":237,"column":27}},"132":{"start":{"line":238,"column":27},"end":{"line":238,"column":31}},"133":{"start":{"line":239,"column":20},"end":{"line":239,"column":41}},"134":{"start":{"line":240,"column":25},"end":{"line":240,"column":44}},"135":{"start":{"line":241,"column":8},"end":{"line":241,"column":34}},"136":{"start":{"line":242,"column":8},"end":{"line":245,"column":9}},"137":{"start":{"line":243,"column":12},"end":{"line":243,"column":37}},"138":{"start":{"line":244,"column":12},"end":{"line":244,"column":31}},"139":{"start":{"line":246,"column":8},"end":{"line":246,"column":33}},"140":{"start":{"line":248,"column":8},"end":{"line":250,"column":9}},"141":{"start":{"line":249,"column":12},"end":{"line":249,"column":33}},"142":{"start":{"line":252,"column":8},"end":{"line":257,"column":9}},"143":{"start":{"line":253,"column":25},"end":{"line":253,"column":94}},"144":{"start":{"line":256,"column":25},"end":{"line":256,"column":82}},"145":{"start":{"line":258,"column":29},"end":{"line":258,"column":50}},"146":{"start":{"line":259,"column":26},"end":{"line":259,"column":49}},"147":{"start":{"line":261,"column":8},"end":{"line":261,"column":69}},"148":{"start":{"line":262,"column":8},"end":{"line":262,"column":64}},"149":{"start":{"line":263,"column":8},"end":{"line":263,"column":34}},"150":{"start":{"line":264,"column":8},"end":{"line":264,"column":42}},"151":{"start":{"line":265,"column":8},"end":{"line":265,"column":39}},"152":{"start":{"line":268,"column":8},"end":{"line":268,"column":36}},"153":{"start":{"line":269,"column":8},"end":{"line":269,"column":49}},"154":{"start":{"line":273,"column":20},"end":{"line":289,"column":1}},"155":{"start":{"line":274,"column":23},"end":{"line":274,"column":60}},"156":{"start":{"line":276,"column":20},"end":{"line":276,"column":22}},"157":{"start":{"line":277,"column":4},"end":{"line":287,"column":6}},"158":{"start":{"line":278,"column":6},"end":{"line":286,"column":15}},"159":{"start":{"line":288,"column":4},"end":{"line":288,"column":37}},"160":{"start":{"line":293,"column":16},"end":{"line":293,"column":54}},"161":{"start":{"line":294,"column":17},"end":{"line":294,"column":44}},"162":{"start":{"line":295,"column":18},"end":{"line":295,"column":38}},"163":{"start":{"line":296,"column":4},"end":{"line":296,"column":25}},"164":{"start":{"line":297,"column":4},"end":{"line":319,"column":5}},"165":{"start":{"line":298,"column":17},"end":{"line":306,"column":5}},"166":{"start":{"line":308,"column":21},"end":{"line":312,"column":6}},"167":{"start":{"line":314,"column":4},"end":{"line":314,"column":22}},"168":{"start":{"line":315,"column":4},"end":{"line":315,"column":45}},"169":{"start":{"line":318,"column":6},"end":{"line":318,"column":31}},"170":{"start":{"line":326,"column":17},"end":{"line":326,"column":36}},"171":{"start":{"line":327,"column":15},"end":{"line":327,"column":52}},"172":{"start":{"line":328,"column":14},"end":{"line":328,"column":50}},"173":{"start":{"line":329,"column":4},"end":{"line":334,"column":5}},"174":{"start":{"line":330,"column":19},"end":{"line":330,"column":25}},"175":{"start":{"line":333,"column":19},"end":{"line":333,"column":56}},"176":{"start":{"line":335,"column":15},"end":{"line":335,"column":52}},"177":{"start":{"line":336,"column":16},"end":{"line":336,"column":54}},"178":{"start":{"line":337,"column":14},"end":{"line":337,"column":50}},"179":{"start":{"line":338,"column":4},"end":{"line":344,"column":5}},"180":{"start":{"line":342,"column":8},"end":{"line":342,"column":49}},"181":{"start":{"line":343,"column":8},"end":{"line":343,"column":21}},"182":{"start":{"line":345,"column":4},"end":{"line":345,"column":22}},"183":{"start":{"line":346,"column":4},"end":{"line":365,"column":5}},"184":{"start":{"line":347,"column":17},"end":{"line":355,"column":5}},"185":{"start":{"line":356,"column":21},"end":{"line":360,"column":6}},"186":{"start":{"line":361,"column":4},"end":{"line":361,"column":30}},"187":{"start":{"line":362,"column":4},"end":{"line":362,"column":44}},"188":{"start":{"line":364,"column":6},"end":{"line":364,"column":31}},"189":{"start":{"line":369,"column":4},"end":{"line":369,"column":17}},"190":{"start":{"line":370,"column":4},"end":{"line":370,"column":17}},"191":{"start":{"line":371,"column":4},"end":{"line":376,"column":5}},"192":{"start":{"line":372,"column":8},"end":{"line":372,"column":20}},"193":{"start":{"line":375,"column":8},"end":{"line":375,"column":21}},"194":{"start":{"line":380,"column":4},"end":{"line":380,"column":33}},"195":{"start":{"line":384,"column":4},"end":{"line":389,"column":5}},"196":{"start":{"line":385,"column":8},"end":{"line":385,"column":21}},"197":{"start":{"line":388,"column":8},"end":{"line":388,"column":20}},"198":{"start":{"line":393,"column":4},"end":{"line":403,"column":5}},"199":{"start":{"line":394,"column":8},"end":{"line":394,"column":28}},"200":{"start":{"line":395,"column":11},"end":{"line":403,"column":5}},"201":{"start":{"line":396,"column":8},"end":{"line":396,"column":27}},"202":{"start":{"line":397,"column":11},"end":{"line":403,"column":5}},"203":{"start":{"line":398,"column":8},"end":{"line":398,"column":25}},"204":{"start":{"line":399,"column":11},"end":{"line":403,"column":5}},"205":{"start":{"line":400,"column":8},"end":{"line":400,"column":28}},"206":{"start":{"line":401,"column":11},"end":{"line":403,"column":5}},"207":{"start":{"line":402,"column":8},"end":{"line":402,"column":27}},"208":{"start":{"line":404,"column":4},"end":{"line":404,"column":17}},"209":{"start":{"line":408,"column":4},"end":{"line":413,"column":5}},"210":{"start":{"line":409,"column":8},"end":{"line":409,"column":26}},"211":{"start":{"line":411,"column":9},"end":{"line":413,"column":5}},"212":{"start":{"line":412,"column":8},"end":{"line":412,"column":27}},"213":{"start":{"line":414,"column":4},"end":{"line":414,"column":17}},"214":{"start":{"line":418,"column":4},"end":{"line":418,"column":22}},"215":{"start":{"line":419,"column":4},"end":{"line":424,"column":5}},"216":{"start":{"line":420,"column":8},"end":{"line":420,"column":30}},"217":{"start":{"line":422,"column":9},"end":{"line":424,"column":5}},"218":{"start":{"line":423,"column":8},"end":{"line":423,"column":27}},"219":{"start":{"line":425,"column":4},"end":{"line":425,"column":17}},"220":{"start":{"line":429,"column":4},"end":{"line":434,"column":5}},"221":{"start":{"line":430,"column":8},"end":{"line":430,"column":30}},"222":{"start":{"line":432,"column":9},"end":{"line":434,"column":5}},"223":{"start":{"line":433,"column":8},"end":{"line":433,"column":27}},"224":{"start":{"line":435,"column":4},"end":{"line":435,"column":17}},"225":{"start":{"line":439,"column":4},"end":{"line":444,"column":5}},"226":{"start":{"line":440,"column":8},"end":{"line":440,"column":26}},"227":{"start":{"line":442,"column":9},"end":{"line":444,"column":5}},"228":{"start":{"line":443,"column":8},"end":{"line":443,"column":27}},"229":{"start":{"line":445,"column":4},"end":{"line":445,"column":17}},"230":{"start":{"line":449,"column":4},"end":{"line":454,"column":5}},"231":{"start":{"line":450,"column":8},"end":{"line":450,"column":28}},"232":{"start":{"line":452,"column":9},"end":{"line":454,"column":5}},"233":{"start":{"line":453,"column":8},"end":{"line":453,"column":27}},"234":{"start":{"line":455,"column":4},"end":{"line":455,"column":17}},"235":{"start":{"line":459,"column":4},"end":{"line":464,"column":5}},"236":{"start":{"line":460,"column":8},"end":{"line":460,"column":29}},"237":{"start":{"line":462,"column":9},"end":{"line":464,"column":5}},"238":{"start":{"line":463,"column":8},"end":{"line":463,"column":27}},"239":{"start":{"line":465,"column":4},"end":{"line":465,"column":17}},"240":{"start":{"line":469,"column":2},"end":{"line":471,"column":3}},"241":{"start":{"line":470,"column":4},"end":{"line":470,"column":22}},"242":{"start":{"line":472,"column":2},"end":{"line":472,"column":15}},"243":{"start":{"line":476,"column":14},"end":{"line":476,"column":24}},"244":{"start":{"line":477,"column":2},"end":{"line":482,"column":3}},"245":{"start":{"line":478,"column":4},"end":{"line":478,"column":17}},"246":{"start":{"line":481,"column":4},"end":{"line":481,"column":16}},"247":{"start":{"line":486,"column":0},"end":{"line":486,"column":47}},"248":{"start":{"line":487,"column":0},"end":{"line":487,"column":35}},"249":{"start":{"line":488,"column":0},"end":{"line":488,"column":37}},"250":{"start":{"line":489,"column":0},"end":{"line":489,"column":43}},"251":{"start":{"line":491,"column":0},"end":{"line":491,"column":37}},"252":{"start":{"line":492,"column":0},"end":{"line":492,"column":45}},"253":{"start":{"line":493,"column":0},"end":{"line":493,"column":45}},"254":{"start":{"line":494,"column":0},"end":{"line":494,"column":37}},"255":{"start":{"line":495,"column":0},"end":{"line":495,"column":43}},"256":{"start":{"line":497,"column":0},"end":{"line":497,"column":41}},"257":{"start":{"line":498,"column":0},"end":{"line":498,"column":37}},"258":{"start":{"line":499,"column":0},"end":{"line":499,"column":43}}},"fnMap":{"0":{"name":"success_login","decl":{"start":{"line":20,"column":15},"end":{"line":20,"column":28}},"loc":{"start":{"line":20,"column":30},"end":{"line":47,"column":1}},"line":20},"1":{"name":"insertUserCred","decl":{"start":{"line":49,"column":15},"end":{"line":49,"column":29}},"loc":{"start":{"line":49,"column":32},"end":{"line":73,"column":1}},"line":49},"2":{"name":"findLastUID","decl":{"start":{"line":75,"column":15},"end":{"line":75,"column":26}},"loc":{"start":{"line":75,"column":28},"end":{"line":91,"column":1}},"line":75},"3":{"name":"findLastOID","decl":{"start":{"line":93,"column":15},"end":{"line":93,"column":26}},"loc":{"start":{"line":93,"column":28},"end":{"line":110,"column":1}},"line":93},"4":{"name":"findUID","decl":{"start":{"line":114,"column":15},"end":{"line":114,"column":22}},"loc":{"start":{"line":114,"column":30},"end":{"line":126,"column":1}},"line":114},"5":{"name":"selectHistory","decl":{"start":{"line":129,"column":15},"end":{"line":129,"column":28}},"loc":{"start":{"line":129,"column":31},"end":{"line":141,"column":1}},"line":129},"6":{"name":"findAdd","decl":{"start":{"line":143,"column":15},"end":{"line":143,"column":22}},"loc":{"start":{"line":143,"column":25},"end":{"line":158,"column":1}},"line":143},"7":{"name":"findGal","decl":{"start":{"line":160,"column":15},"end":{"line":160,"column":22}},"loc":{"start":{"line":160,"column":25},"end":{"line":173,"column":1}},"line":160},"8":{"name":"findState","decl":{"start":{"line":175,"column":15},"end":{"line":175,"column":24}},"loc":{"start":{"line":175,"column":27},"end":{"line":188,"column":1}},"line":175},"9":{"name":"(anonymous_9)","decl":{"start":{"line":190,"column":19},"end":{"line":190,"column":20}},"loc":{"start":{"line":190,"column":25},"end":{"line":192,"column":1}},"line":190},"10":{"name":"(anonymous_10)","decl":{"start":{"line":194,"column":16},"end":{"line":194,"column":17}},"loc":{"start":{"line":194,"column":26},"end":{"line":196,"column":1}},"line":194},"11":{"name":"checkProfile","decl":{"start":{"line":214,"column":15},"end":{"line":214,"column":27}},"loc":{"start":{"line":214,"column":29},"end":{"line":229,"column":1}},"line":214},"12":{"name":"change","decl":{"start":{"line":231,"column":9},"end":{"line":231,"column":15}},"loc":{"start":{"line":231,"column":17},"end":{"line":271,"column":1}},"line":231},"13":{"name":"(anonymous_13)","decl":{"start":{"line":273,"column":20},"end":{"line":273,"column":21}},"loc":{"start":{"line":273,"column":26},"end":{"line":289,"column":1}},"line":273},"14":{"name":"(anonymous_14)","decl":{"start":{"line":277,"column":13},"end":{"line":277,"column":14}},"loc":{"start":{"line":277,"column":26},"end":{"line":287,"column":5}},"line":277},"15":{"name":"insertfuelF","decl":{"start":{"line":291,"column":15},"end":{"line":291,"column":26}},"loc":{"start":{"line":291,"column":29},"end":{"line":320,"column":1}},"line":291},"16":{"name":"insertProf","decl":{"start":{"line":325,"column":15},"end":{"line":325,"column":25}},"loc":{"start":{"line":325,"column":28},"end":{"line":366,"column":1}},"line":325},"17":{"name":"checkGallonReq","decl":{"start":{"line":368,"column":9},"end":{"line":368,"column":23}},"loc":{"start":{"line":368,"column":28},"end":{"line":377,"column":1}},"line":368},"18":{"name":"testLogin","decl":{"start":{"line":379,"column":9},"end":{"line":379,"column":18}},"loc":{"start":{"line":379,"column":29},"end":{"line":381,"column":1}},"line":379},"19":{"name":"validateUser","decl":{"start":{"line":383,"column":9},"end":{"line":383,"column":21}},"loc":{"start":{"line":383,"column":27},"end":{"line":390,"column":1}},"line":383},"20":{"name":"checkPwd","decl":{"start":{"line":392,"column":9},"end":{"line":392,"column":17}},"loc":{"start":{"line":392,"column":23},"end":{"line":405,"column":1}},"line":392},"21":{"name":"checkName","decl":{"start":{"line":407,"column":9},"end":{"line":407,"column":18}},"loc":{"start":{"line":407,"column":25},"end":{"line":415,"column":1}},"line":407},"22":{"name":"checkAddress1","decl":{"start":{"line":417,"column":9},"end":{"line":417,"column":22}},"loc":{"start":{"line":417,"column":32},"end":{"line":426,"column":1}},"line":417},"23":{"name":"checkAddress2","decl":{"start":{"line":428,"column":9},"end":{"line":428,"column":22}},"loc":{"start":{"line":428,"column":32},"end":{"line":436,"column":1}},"line":428},"24":{"name":"checkCity","decl":{"start":{"line":438,"column":9},"end":{"line":438,"column":18}},"loc":{"start":{"line":438,"column":24},"end":{"line":446,"column":1}},"line":438},"25":{"name":"checkZipcode","decl":{"start":{"line":448,"column":9},"end":{"line":448,"column":21}},"loc":{"start":{"line":448,"column":30},"end":{"line":456,"column":1}},"line":448},"26":{"name":"checkGalreq","decl":{"start":{"line":458,"column":9},"end":{"line":458,"column":20}},"loc":{"start":{"line":458,"column":33},"end":{"line":466,"column":1}},"line":458},"27":{"name":"checkDate","decl":{"start":{"line":468,"column":9},"end":{"line":468,"column":18}},"loc":{"start":{"line":468,"column":25},"end":{"line":473,"column":1}},"line":468},"28":{"name":"validateDate","decl":{"start":{"line":475,"column":9},"end":{"line":475,"column":21}},"loc":{"start":{"line":475,"column":28},"end":{"line":483,"column":1}},"line":475}},"branchMap":{"0":{"loc":{"start":{"line":27,"column":4},"end":{"line":30,"column":5}},"type":"if","locations":[{"start":{"line":27,"column":4},"end":{"line":30,"column":5}},{"start":{"line":27,"column":4},"end":{"line":30,"column":5}}],"line":27},"1":{"loc":{"start":{"line":27,"column":7},"end":{"line":27,"column":47}},"type":"binary-expr","locations":[{"start":{"line":27,"column":7},"end":{"line":27,"column":25}},{"start":{"line":27,"column":29},"end":{"line":27,"column":47}}],"line":27},"2":{"loc":{"start":{"line":36,"column":8},"end":{"line":43,"column":9}},"type":"if","locations":[{"start":{"line":36,"column":8},"end":{"line":43,"column":9}},{"start":{"line":36,"column":8},"end":{"line":43,"column":9}}],"line":36},"3":{"loc":{"start":{"line":51,"column":4},"end":{"line":53,"column":5}},"type":"if","locations":[{"start":{"line":51,"column":4},"end":{"line":53,"column":5}},{"start":{"line":51,"column":4},"end":{"line":53,"column":5}}],"line":51},"4":{"loc":{"start":{"line":81,"column":8},"end":{"line":86,"column":9}},"type":"if","locations":[{"start":{"line":81,"column":8},"end":{"line":86,"column":9}},{"start":{"line":81,"column":8},"end":{"line":86,"column":9}}],"line":81},"5":{"loc":{"start":{"line":81,"column":11},"end":{"line":81,"column":50}},"type":"binary-expr","locations":[{"start":{"line":81,"column":11},"end":{"line":81,"column":27}},{"start":{"line":81,"column":31},"end":{"line":81,"column":50}}],"line":81},"6":{"loc":{"start":{"line":100,"column":8},"end":{"line":105,"column":9}},"type":"if","locations":[{"start":{"line":100,"column":8},"end":{"line":105,"column":9}},{"start":{"line":100,"column":8},"end":{"line":105,"column":9}}],"line":100},"7":{"loc":{"start":{"line":100,"column":11},"end":{"line":100,"column":50}},"type":"binary-expr","locations":[{"start":{"line":100,"column":11},"end":{"line":100,"column":27}},{"start":{"line":100,"column":31},"end":{"line":100,"column":50}}],"line":100},"8":{"loc":{"start":{"line":198,"column":0},"end":{"line":200,"column":1}},"type":"if","locations":[{"start":{"line":198,"column":0},"end":{"line":200,"column":1}},{"start":{"line":198,"column":0},"end":{"line":200,"column":1}}],"line":198},"9":{"loc":{"start":{"line":202,"column":0},"end":{"line":207,"column":1}},"type":"if","locations":[{"start":{"line":202,"column":0},"end":{"line":207,"column":1}},{"start":{"line":202,"column":0},"end":{"line":207,"column":1}}],"line":202},"10":{"loc":{"start":{"line":209,"column":0},"end":{"line":212,"column":1}},"type":"if","locations":[{"start":{"line":209,"column":0},"end":{"line":212,"column":1}},{"start":{"line":209,"column":0},"end":{"line":212,"column":1}}],"line":209},"11":{"loc":{"start":{"line":220,"column":8},"end":{"line":225,"column":9}},"type":"if","locations":[{"start":{"line":220,"column":8},"end":{"line":225,"column":9}},{"start":{"line":220,"column":8},"end":{"line":225,"column":9}}],"line":220},"12":{"loc":{"start":{"line":233,"column":4},"end":{"line":270,"column":5}},"type":"if","locations":[{"start":{"line":233,"column":4},"end":{"line":270,"column":5}},{"start":{"line":233,"column":4},"end":{"line":270,"column":5}}],"line":233},"13":{"loc":{"start":{"line":242,"column":8},"end":{"line":245,"column":9}},"type":"if","locations":[{"start":{"line":242,"column":8},"end":{"line":245,"column":9}},{"start":{"line":242,"column":8},"end":{"line":245,"column":9}}],"line":242},"14":{"loc":{"start":{"line":248,"column":8},"end":{"line":250,"column":9}},"type":"if","locations":[{"start":{"line":248,"column":8},"end":{"line":250,"column":9}},{"start":{"line":248,"column":8},"end":{"line":250,"column":9}}],"line":248},"15":{"loc":{"start":{"line":252,"column":8},"end":{"line":257,"column":9}},"type":"if","locations":[{"start":{"line":252,"column":8},"end":{"line":257,"column":9}},{"start":{"line":252,"column":8},"end":{"line":257,"column":9}}],"line":252},"16":{"loc":{"start":{"line":329,"column":4},"end":{"line":334,"column":5}},"type":"if","locations":[{"start":{"line":329,"column":4},"end":{"line":334,"column":5}},{"start":{"line":329,"column":4},"end":{"line":334,"column":5}}],"line":329},"17":{"loc":{"start":{"line":338,"column":4},"end":{"line":344,"column":5}},"type":"if","locations":[{"start":{"line":338,"column":4},"end":{"line":344,"column":5}},{"start":{"line":338,"column":4},"end":{"line":344,"column":5}}],"line":338},"18":{"loc":{"start":{"line":338,"column":7},"end":{"line":341,"column":43}},"type":"binary-expr","locations":[{"start":{"line":338,"column":7},"end":{"line":338,"column":23}},{"start":{"line":338,"column":27},"end":{"line":338,"column":43}},{"start":{"line":339,"column":11},"end":{"line":339,"column":26}},{"start":{"line":339,"column":30},"end":{"line":339,"column":46}},{"start":{"line":340,"column":11},"end":{"line":340,"column":27}},{"start":{"line":340,"column":31},"end":{"line":340,"column":48}},{"start":{"line":341,"column":11},"end":{"line":341,"column":25}},{"start":{"line":341,"column":29},"end":{"line":341,"column":43}}],"line":338},"19":{"loc":{"start":{"line":371,"column":4},"end":{"line":376,"column":5}},"type":"if","locations":[{"start":{"line":371,"column":4},"end":{"line":376,"column":5}},{"start":{"line":371,"column":4},"end":{"line":376,"column":5}}],"line":371},"20":{"loc":{"start":{"line":384,"column":4},"end":{"line":389,"column":5}},"type":"if","locations":[{"start":{"line":384,"column":4},"end":{"line":389,"column":5}},{"start":{"line":384,"column":4},"end":{"line":389,"column":5}}],"line":384},"21":{"loc":{"start":{"line":384,"column":7},"end":{"line":384,"column":42}},"type":"binary-expr","locations":[{"start":{"line":384,"column":7},"end":{"line":384,"column":22}},{"start":{"line":384,"column":26},"end":{"line":384,"column":42}}],"line":384},"22":{"loc":{"start":{"line":393,"column":4},"end":{"line":403,"column":5}},"type":"if","locations":[{"start":{"line":393,"column":4},"end":{"line":403,"column":5}},{"start":{"line":393,"column":4},"end":{"line":403,"column":5}}],"line":393},"23":{"loc":{"start":{"line":395,"column":11},"end":{"line":403,"column":5}},"type":"if","locations":[{"start":{"line":395,"column":11},"end":{"line":403,"column":5}},{"start":{"line":395,"column":11},"end":{"line":403,"column":5}}],"line":395},"24":{"loc":{"start":{"line":397,"column":11},"end":{"line":403,"column":5}},"type":"if","locations":[{"start":{"line":397,"column":11},"end":{"line":403,"column":5}},{"start":{"line":397,"column":11},"end":{"line":403,"column":5}}],"line":397},"25":{"loc":{"start":{"line":399,"column":11},"end":{"line":403,"column":5}},"type":"if","locations":[{"start":{"line":399,"column":11},"end":{"line":403,"column":5}},{"start":{"line":399,"column":11},"end":{"line":403,"column":5}}],"line":399},"26":{"loc":{"start":{"line":401,"column":11},"end":{"line":403,"column":5}},"type":"if","locations":[{"start":{"line":401,"column":11},"end":{"line":403,"column":5}},{"start":{"line":401,"column":11},"end":{"line":403,"column":5}}],"line":401},"27":{"loc":{"start":{"line":408,"column":4},"end":{"line":413,"column":5}},"type":"if","locations":[{"start":{"line":408,"column":4},"end":{"line":413,"column":5}},{"start":{"line":408,"column":4},"end":{"line":413,"column":5}}],"line":408},"28":{"loc":{"start":{"line":411,"column":9},"end":{"line":413,"column":5}},"type":"if","locations":[{"start":{"line":411,"column":9},"end":{"line":413,"column":5}},{"start":{"line":411,"column":9},"end":{"line":413,"column":5}}],"line":411},"29":{"loc":{"start":{"line":419,"column":4},"end":{"line":424,"column":5}},"type":"if","locations":[{"start":{"line":419,"column":4},"end":{"line":424,"column":5}},{"start":{"line":419,"column":4},"end":{"line":424,"column":5}}],"line":419},"30":{"loc":{"start":{"line":422,"column":9},"end":{"line":424,"column":5}},"type":"if","locations":[{"start":{"line":422,"column":9},"end":{"line":424,"column":5}},{"start":{"line":422,"column":9},"end":{"line":424,"column":5}}],"line":422},"31":{"loc":{"start":{"line":429,"column":4},"end":{"line":434,"column":5}},"type":"if","locations":[{"start":{"line":429,"column":4},"end":{"line":434,"column":5}},{"start":{"line":429,"column":4},"end":{"line":434,"column":5}}],"line":429},"32":{"loc":{"start":{"line":432,"column":9},"end":{"line":434,"column":5}},"type":"if","locations":[{"start":{"line":432,"column":9},"end":{"line":434,"column":5}},{"start":{"line":432,"column":9},"end":{"line":434,"column":5}}],"line":432},"33":{"loc":{"start":{"line":439,"column":4},"end":{"line":444,"column":5}},"type":"if","locations":[{"start":{"line":439,"column":4},"end":{"line":444,"column":5}},{"start":{"line":439,"column":4},"end":{"line":444,"column":5}}],"line":439},"34":{"loc":{"start":{"line":442,"column":9},"end":{"line":444,"column":5}},"type":"if","locations":[{"start":{"line":442,"column":9},"end":{"line":444,"column":5}},{"start":{"line":442,"column":9},"end":{"line":444,"column":5}}],"line":442},"35":{"loc":{"start":{"line":449,"column":4},"end":{"line":454,"column":5}},"type":"if","locations":[{"start":{"line":449,"column":4},"end":{"line":454,"column":5}},{"start":{"line":449,"column":4},"end":{"line":454,"column":5}}],"line":449},"36":{"loc":{"start":{"line":452,"column":9},"end":{"line":454,"column":5}},"type":"if","locations":[{"start":{"line":452,"column":9},"end":{"line":454,"column":5}},{"start":{"line":452,"column":9},"end":{"line":454,"column":5}}],"line":452},"37":{"loc":{"start":{"line":459,"column":4},"end":{"line":464,"column":5}},"type":"if","locations":[{"start":{"line":459,"column":4},"end":{"line":464,"column":5}},{"start":{"line":459,"column":4},"end":{"line":464,"column":5}}],"line":459},"38":{"loc":{"start":{"line":462,"column":9},"end":{"line":464,"column":5}},"type":"if","locations":[{"start":{"line":462,"column":9},"end":{"line":464,"column":5}},{"start":{"line":462,"column":9},"end":{"line":464,"column":5}}],"line":462},"39":{"loc":{"start":{"line":469,"column":2},"end":{"line":471,"column":3}},"type":"if","locations":[{"start":{"line":469,"column":2},"end":{"line":471,"column":3}},{"start":{"line":469,"column":2},"end":{"line":471,"column":3}}],"line":469},"40":{"loc":{"start":{"line":469,"column":6},"end":{"line":469,"column":42}},"type":"binary-expr","locations":[{"start":{"line":469,"column":7},"end":{"line":469,"column":24}},{"start":{"line":469,"column":29},"end":{"line":469,"column":42}}],"line":469},"41":{"loc":{"start":{"line":477,"column":2},"end":{"line":482,"column":3}},"type":"if","locations":[{"start":{"line":477,"column":2},"end":{"line":482,"column":3}},{"start":{"line":477,"column":2},"end":{"line":482,"column":3}}],"line":477}},"s":{"0":1,"1":1,"2":1,"3":1,"4":1,"5":1,"6":1,"7":1,"8":1,"9":1,"10":0,"11":0,"12":0,"13":0,"14":0,"15":0,"16":0,"17":0,"18":0,"19":0,"20":0,"21":0,"22":0,"23":0,"24":0,"25":0,"26":0,"27":0,"28":0,"29":0,"30":0,"31":0,"32":0,"33":0,"34":0,"35":0,"36":0,"37":0,"38":0,"39":1,"40":1,"41":0,"42":0,"43":0,"44":0,"45":0,"46":0,"47":1,"48":0,"49":0,"50":0,"51":0,"52":0,"53":0,"54":0,"55":0,"56":0,"57":0,"58":0,"59":0,"60":0,"61":0,"62":0,"63":0,"64":0,"65":0,"66":0,"67":0,"68":0,"69":0,"70":0,"71":0,"72":0,"73":0,"74":0,"75":0,"76":0,"77":0,"78":0,"79":0,"80":0,"81":0,"82":0,"83":0,"84":0,"85":0,"86":0,"87":0,"88":0,"89":0,"90":0,"91":0,"92":0,"93":0,"94":0,"95":0,"96":0,"97":0,"98":0,"99":0,"100":0,"101":0,"102":0,"103":1,"104":0,"105":1,"106":0,"107":1,"108":0,"109":1,"110":0,"111":0,"112":0,"113":0,"114":1,"115":0,"116":0,"117":0,"118":0,"119":0,"120":0,"121":0,"122":0,"123":0,"124":0,"125":0,"126":0,"127":0,"128":0,"129":0,"130":0,"131":0,"132":0,"133":0,"134":0,"135":0,"136":0,"137":0,"138":0,"139":0,"140":0,"141":0,"142":0,"143":0,"144":0,"145":0,"146":0,"147":0,"148":0,"149":0,"150":0,"151":0,"152":0,"153":0,"154":1,"155":0,"156":0,"157":0,"158":0,"159":0,"160":0,"161":0,"162":0,"163":0,"164":0,"165":0,"166":0,"167":0,"168":0,"169":0,"170":0,"171":0,"172":0,"173":0,"174":0,"175":0,"176":0,"177":0,"178":0,"179":0,"180":0,"181":0,"182":0,"183":0,"184":0,"185":0,"186":0,"187":0,"188":0,"189":2,"190":2,"191":2,"192":1,"193":1,"194":4,"195":4,"196":2,"197":2,"198":9,"199":3,"200":6,"201":1,"202":5,"203":1,"204":4,"205":1,"206":3,"207":0,"208":3,"209":4,"210":1,"211":3,"212":1,"213":2,"214":2,"215":2,"216":1,"217":1,"218":1,"219":0,"220":3,"221":1,"222":2,"223":1,"224":1,"225":3,"226":1,"227":2,"228":1,"229":1,"230":3,"231":1,"232":2,"233":1,"234":1,"235":3,"236":1,"237":2,"238":1,"239":1,"240":2,"241":1,"242":1,"243":2,"244":2,"245":1,"246":1,"247":1,"248":1,"249":1,"250":1,"251":1,"252":1,"253":1,"254":1,"255":1,"256":1,"257":1,"258":1},"f":{"0":0,"1":0,"2":1,"3":0,"4":0,"5":0,"6":0,"7":0,"8":0,"9":0,"10":0,"11":0,"12":0,"13":0,"14":0,"15":0,"16":0,"17":2,"18":4,"19":4,"20":9,"21":4,"22":2,"23":3,"24":3,"25":3,"26":3,"27":2,"28":2},"b":{"0":[0,0],"1":[0,0],"2":[0,0],"3":[0,0],"4":[0,0],"5":[0,0],"6":[0,0],"7":[0,0],"8":[0,1],"9":[0,1],"10":[0,1],"11":[0,0],"12":[0,0],"13":[0,0],"14":[0,0],"15":[0,0],"16":[0,0],"17":[0,0],"18":[0,0,0,0,0,0,0,0],"19":[1,1],"20":[2,2],"21":[4,3],"22":[3,6],"23":[1,5],"24":[1,4],"25":[1,3],"26":[0,3],"27":[1,3],"28":[1,2],"29":[1,1],"30":[1,0],"31":[1,2],"32":[1,1],"33":[1,2],"34":[1,1],"35":[1,2],"36":[1,1],"37":[1,2],"38":[1,1],"39":[1,1],"40":[2,1],"41":[1,1]},"_coverageSchema":"1a1c01bbd47fc00a2c39e90264f33305004495a9","hash":"9e8003c9dd3e9b3e82770204fbbe38802682a092"}
}
