TN:
SF:client\js\login_func.js
FN:20,success_login
FN:49,insertUserCred
FN:75,findLastUID
FN:93,findLastOID
FN:114,findUID
FN:129,selectHistory
FN:143,findAdd
FN:160,findGal
FN:175,findState
FN:190,(anonymous_9)
FN:194,(anonymous_10)
FN:214,checkProfile
FN:231,change
FN:273,(anonymous_13)
FN:277,(anonymous_14)
FN:291,insertfuelF
FN:325,insertProf
FN:368,checkGallonReq
FN:379,testLogin
FN:383,validateUser
FN:392,checkPwd
FN:407,checkName
FN:417,checkAddress1
FN:428,checkAddress2
FN:438,checkCity
FN:448,checkZipcode
FN:458,checkGalreq
FN:468,checkDate
FN:475,validateDate
FNF:29
FNH:13
FNDA:0,success_login
FNDA:0,insertUserCred
FNDA:1,findLastUID
FNDA:0,findLastOID
FNDA:0,findUID
FNDA:0,selectHistory
FNDA:0,findAdd
FNDA:0,findGal
FNDA:0,findState
FNDA:0,(anonymous_9)
FNDA:0,(anonymous_10)
FNDA:0,checkProfile
FNDA:0,change
FNDA:0,(anonymous_13)
FNDA:0,(anonymous_14)
FNDA:0,insertfuelF
FNDA:0,insertProf
FNDA:2,checkGallonReq
FNDA:4,testLogin
FNDA:4,validateUser
FNDA:9,checkPwd
FNDA:4,checkName
FNDA:2,checkAddress1
FNDA:3,checkAddress2
FNDA:3,checkCity
FNDA:3,checkZipcode
FNDA:3,checkGalreq
FNDA:2,checkDate
FNDA:2,validateDate
DA:2,1
DA:3,1
DA:6,1
DA:8,1
DA:10,1
DA:13,1
DA:14,1
DA:15,1
DA:16,1
DA:17,1
DA:21,0
DA:22,0
DA:23,0
DA:24,0
DA:25,0
DA:27,0
DA:28,0
DA:29,0
DA:31,0
DA:32,0
DA:33,0
DA:34,0
DA:35,0
DA:36,0
DA:38,0
DA:39,0
DA:42,0
DA:45,0
DA:51,0
DA:52,0
DA:54,0
DA:55,0
DA:56,0
DA:57,0
DA:58,0
DA:63,0
DA:68,0
DA:69,0
DA:71,0
DA:76,1
DA:77,1
DA:78,0
DA:79,0
DA:80,0
DA:81,0
DA:82,0
DA:85,0
DA:89,1
DA:94,0
DA:95,0
DA:96,0
DA:97,0
DA:98,0
DA:99,0
DA:100,0
DA:101,0
DA:104,0
DA:106,0
DA:108,0
DA:115,0
DA:116,0
DA:117,0
DA:118,0
DA:119,0
DA:120,0
DA:121,0
DA:122,0
DA:124,0
DA:130,0
DA:131,0
DA:132,0
DA:133,0
DA:134,0
DA:135,0
DA:136,0
DA:137,0
DA:139,0
DA:144,0
DA:145,0
DA:146,0
DA:147,0
DA:148,0
DA:149,0
DA:150,0
DA:151,0
DA:152,0
DA:155,0
DA:161,0
DA:162,0
DA:163,0
DA:164,0
DA:165,0
DA:166,0
DA:167,0
DA:170,0
DA:176,0
DA:177,0
DA:178,0
DA:179,0
DA:180,0
DA:181,0
DA:182,0
DA:185,0
DA:190,1
DA:191,0
DA:194,1
DA:195,0
DA:198,1
DA:199,0
DA:202,1
DA:203,0
DA:204,0
DA:205,0
DA:206,0
DA:209,1
DA:210,0
DA:211,0
DA:215,0
DA:216,0
DA:217,0
DA:218,0
DA:219,0
DA:220,0
DA:221,0
DA:224,0
DA:227,0
DA:232,0
DA:233,0
DA:234,0
DA:235,0
DA:236,0
DA:237,0
DA:238,0
DA:239,0
DA:240,0
DA:241,0
DA:242,0
DA:243,0
DA:244,0
DA:246,0
DA:248,0
DA:249,0
DA:252,0
DA:253,0
DA:256,0
DA:258,0
DA:259,0
DA:261,0
DA:262,0
DA:263,0
DA:264,0
DA:265,0
DA:268,0
DA:269,0
DA:273,1
DA:274,0
DA:276,0
DA:277,0
DA:278,0
DA:288,0
DA:293,0
DA:294,0
DA:295,0
DA:296,0
DA:297,0
DA:298,0
DA:308,0
DA:314,0
DA:315,0
DA:318,0
DA:326,0
DA:327,0
DA:328,0
DA:329,0
DA:330,0
DA:333,0
DA:335,0
DA:336,0
DA:337,0
DA:338,0
DA:342,0
DA:343,0
DA:345,0
DA:346,0
DA:347,0
DA:356,0
DA:361,0
DA:362,0
DA:364,0
DA:369,2
DA:370,2
DA:371,2
DA:372,1
DA:375,1
DA:380,4
DA:384,4
DA:385,2
DA:388,2
DA:393,9
DA:394,3
DA:395,6
DA:396,1
DA:397,5
DA:398,1
DA:399,4
DA:400,1
DA:401,3
DA:402,0
DA:404,3
DA:408,4
DA:409,1
DA:411,3
DA:412,1
DA:414,2
DA:418,2
DA:419,2
DA:420,1
DA:422,1
DA:423,1
DA:425,0
DA:429,3
DA:430,1
DA:432,2
DA:433,1
DA:435,1
DA:439,3
DA:440,1
DA:442,2
DA:443,1
DA:445,1
DA:449,3
DA:450,1
DA:452,2
DA:453,1
DA:455,1
DA:459,3
DA:460,1
DA:462,2
DA:463,1
DA:465,1
DA:469,2
DA:470,1
DA:472,1
DA:476,2
DA:477,2
DA:478,1
DA:481,1
DA:486,1
DA:487,1
DA:488,1
DA:489,1
DA:491,1
DA:492,1
DA:493,1
DA:494,1
DA:495,1
DA:497,1
DA:498,1
DA:499,1
LF:259
LH:87
BRDA:27,0,0,0
BRDA:27,0,1,0
BRDA:27,1,0,0
BRDA:27,1,1,0
BRDA:36,2,0,0
BRDA:36,2,1,0
BRDA:51,3,0,0
BRDA:51,3,1,0
BRDA:81,4,0,0
BRDA:81,4,1,0
BRDA:81,5,0,0
BRDA:81,5,1,0
BRDA:100,6,0,0
BRDA:100,6,1,0
BRDA:100,7,0,0
BRDA:100,7,1,0
BRDA:198,8,0,0
BRDA:198,8,1,1
BRDA:202,9,0,0
BRDA:202,9,1,1
BRDA:209,10,0,0
BRDA:209,10,1,1
BRDA:220,11,0,0
BRDA:220,11,1,0
BRDA:233,12,0,0
BRDA:233,12,1,0
BRDA:242,13,0,0
BRDA:242,13,1,0
BRDA:248,14,0,0
BRDA:248,14,1,0
BRDA:252,15,0,0
BRDA:252,15,1,0
BRDA:329,16,0,0
BRDA:329,16,1,0
BRDA:338,17,0,0
BRDA:338,17,1,0
BRDA:338,18,0,0
BRDA:338,18,1,0
BRDA:338,18,2,0
BRDA:338,18,3,0
BRDA:338,18,4,0
BRDA:338,18,5,0
BRDA:338,18,6,0
BRDA:338,18,7,0
BRDA:371,19,0,1
BRDA:371,19,1,1
BRDA:384,20,0,2
BRDA:384,20,1,2
BRDA:384,21,0,4
BRDA:384,21,1,3
BRDA:393,22,0,3
BRDA:393,22,1,6
BRDA:395,23,0,1
BRDA:395,23,1,5
BRDA:397,24,0,1
BRDA:397,24,1,4
BRDA:399,25,0,1
BRDA:399,25,1,3
BRDA:401,26,0,0
BRDA:401,26,1,3
BRDA:408,27,0,1
BRDA:408,27,1,3
BRDA:411,28,0,1
BRDA:411,28,1,2
BRDA:419,29,0,1
BRDA:419,29,1,1
BRDA:422,30,0,1
BRDA:422,30,1,0
BRDA:429,31,0,1
BRDA:429,31,1,2
BRDA:432,32,0,1
BRDA:432,32,1,1
BRDA:439,33,0,1
BRDA:439,33,1,2
BRDA:442,34,0,1
BRDA:442,34,1,1
BRDA:449,35,0,1
BRDA:449,35,1,2
BRDA:452,36,0,1
BRDA:452,36,1,1
BRDA:459,37,0,1
BRDA:459,37,1,2
BRDA:462,38,0,1
BRDA:462,38,1,1
BRDA:469,39,0,1
BRDA:469,39,1,1
BRDA:469,40,0,2
BRDA:469,40,1,1
BRDA:477,41,0,1
BRDA:477,41,1,1
BRF:90
BRH:47
end_of_record
