TN:
SF:util.js
FN:1,testLogin
FN:5,validateUser
FN:14,checkPwd
FNF:3
FNH:3
FNDA:4,testLogin
FNDA:4,validateUser
FNDA:9,checkPwd
DA:2,4
DA:6,4
DA:7,2
DA:10,2
DA:15,9
DA:16,3
DA:17,6
DA:18,1
DA:19,5
DA:20,1
DA:21,4
DA:22,1
DA:23,3
DA:24,0
DA:26,3
DA:29,1
DA:30,1
DA:31,1
LF:18
LH:17
BRDA:6,0,0,2
BRDA:6,0,1,2
BRDA:6,1,0,4
BRDA:6,1,1,3
BRDA:15,2,0,3
BRDA:15,2,1,6
BRDA:17,3,0,1
BRDA:17,3,1,5
BRDA:19,4,0,1
BRDA:19,4,1,4
BRDA:21,5,0,1
BRDA:21,5,1,3
BRDA:23,6,0,0
BRDA:23,6,1,3
BRF:14
BRH:13
end_of_record
