{"/Users/duy24/OneDrive - University Of Houston/Year 3 Spring/Fundamentals of Software Engineering/Duy's Profile Input Validation/profileVal.js": {"path":"/Users/duy24/OneDrive - University Of Houston/Year 3 Spring/Fundamentals of Software Engineering/Duy's Profile Input Validation/profileVal.js","statementMap":{"0":{"start":{"line":7,"column":4},"end":{"line":12,"column":5}},"1":{"start":{"line":8,"column":8},"end":{"line":8,"column":26}},"2":{"start":{"line":10,"column":9},"end":{"line":12,"column":5}},"3":{"start":{"line":11,"column":8},"end":{"line":11,"column":27}},"4":{"start":{"line":13,"column":4},"end":{"line":13,"column":17}},"5":{"start":{"line":17,"column":4},"end":{"line":22,"column":5}},"6":{"start":{"line":18,"column":8},"end":{"line":18,"column":30}},"7":{"start":{"line":20,"column":9},"end":{"line":22,"column":5}},"8":{"start":{"line":21,"column":8},"end":{"line":21,"column":27}},"9":{"start":{"line":23,"column":4},"end":{"line":23,"column":17}},"10":{"start":{"line":27,"column":4},"end":{"line":32,"column":5}},"11":{"start":{"line":28,"column":8},"end":{"line":28,"column":30}},"12":{"start":{"line":30,"column":9},"end":{"line":32,"column":5}},"13":{"start":{"line":31,"column":8},"end":{"line":31,"column":27}},"14":{"start":{"line":33,"column":4},"end":{"line":33,"column":17}},"15":{"start":{"line":37,"column":4},"end":{"line":42,"column":5}},"16":{"start":{"line":38,"column":8},"end":{"line":38,"column":26}},"17":{"start":{"line":40,"column":9},"end":{"line":42,"column":5}},"18":{"start":{"line":41,"column":8},"end":{"line":41,"column":27}},"19":{"start":{"line":43,"column":4},"end":{"line":43,"column":17}},"20":{"start":{"line":47,"column":4},"end":{"line":52,"column":5}},"21":{"start":{"line":48,"column":8},"end":{"line":48,"column":28}},"22":{"start":{"line":50,"column":9},"end":{"line":52,"column":5}},"23":{"start":{"line":51,"column":8},"end":{"line":51,"column":27}},"24":{"start":{"line":53,"column":4},"end":{"line":53,"column":17}},"25":{"start":{"line":60,"column":0},"end":{"line":60,"column":37}},"26":{"start":{"line":61,"column":0},"end":{"line":61,"column":45}},"27":{"start":{"line":62,"column":0},"end":{"line":62,"column":45}},"28":{"start":{"line":63,"column":0},"end":{"line":63,"column":37}},"29":{"start":{"line":64,"column":0},"end":{"line":64,"column":43}}},"fnMap":{"0":{"name":"checkName","decl":{"start":{"line":6,"column":9},"end":{"line":6,"column":18}},"loc":{"start":{"line":6,"column":25},"end":{"line":14,"column":1}},"line":6},"1":{"name":"checkAddress1","decl":{"start":{"line":16,"column":9},"end":{"line":16,"column":22}},"loc":{"start":{"line":16,"column":32},"end":{"line":24,"column":1}},"line":16},"2":{"name":"checkAddress2","decl":{"start":{"line":26,"column":9},"end":{"line":26,"column":22}},"loc":{"start":{"line":26,"column":32},"end":{"line":34,"column":1}},"line":26},"3":{"name":"checkCity","decl":{"start":{"line":36,"column":9},"end":{"line":36,"column":18}},"loc":{"start":{"line":36,"column":24},"end":{"line":44,"column":1}},"line":36},"4":{"name":"checkZipcode","decl":{"start":{"line":46,"column":9},"end":{"line":46,"column":21}},"loc":{"start":{"line":46,"column":30},"end":{"line":54,"column":1}},"line":46}},"branchMap":{"0":{"loc":{"start":{"line":7,"column":4},"end":{"line":12,"column":5}},"type":"if","locations":[{"start":{"line":7,"column":4},"end":{"line":12,"column":5}},{"start":{"line":7,"column":4},"end":{"line":12,"column":5}}],"line":7},"1":{"loc":{"start":{"line":10,"column":9},"end":{"line":12,"column":5}},"type":"if","locations":[{"start":{"line":10,"column":9},"end":{"line":12,"column":5}},{"start":{"line":10,"column":9},"end":{"line":12,"column":5}}],"line":10},"2":{"loc":{"start":{"line":17,"column":4},"end":{"line":22,"column":5}},"type":"if","locations":[{"start":{"line":17,"column":4},"end":{"line":22,"column":5}},{"start":{"line":17,"column":4},"end":{"line":22,"column":5}}],"line":17},"3":{"loc":{"start":{"line":20,"column":9},"end":{"line":22,"column":5}},"type":"if","locations":[{"start":{"line":20,"column":9},"end":{"line":22,"column":5}},{"start":{"line":20,"column":9},"end":{"line":22,"column":5}}],"line":20},"4":{"loc":{"start":{"line":27,"column":4},"end":{"line":32,"column":5}},"type":"if","locations":[{"start":{"line":27,"column":4},"end":{"line":32,"column":5}},{"start":{"line":27,"column":4},"end":{"line":32,"column":5}}],"line":27},"5":{"loc":{"start":{"line":30,"column":9},"end":{"line":32,"column":5}},"type":"if","locations":[{"start":{"line":30,"column":9},"end":{"line":32,"column":5}},{"start":{"line":30,"column":9},"end":{"line":32,"column":5}}],"line":30},"6":{"loc":{"start":{"line":37,"column":4},"end":{"line":42,"column":5}},"type":"if","locations":[{"start":{"line":37,"column":4},"end":{"line":42,"column":5}},{"start":{"line":37,"column":4},"end":{"line":42,"column":5}}],"line":37},"7":{"loc":{"start":{"line":40,"column":9},"end":{"line":42,"column":5}},"type":"if","locations":[{"start":{"line":40,"column":9},"end":{"line":42,"column":5}},{"start":{"line":40,"column":9},"end":{"line":42,"column":5}}],"line":40},"8":{"loc":{"start":{"line":47,"column":4},"end":{"line":52,"column":5}},"type":"if","locations":[{"start":{"line":47,"column":4},"end":{"line":52,"column":5}},{"start":{"line":47,"column":4},"end":{"line":52,"column":5}}],"line":47},"9":{"loc":{"start":{"line":50,"column":9},"end":{"line":52,"column":5}},"type":"if","locations":[{"start":{"line":50,"column":9},"end":{"line":52,"column":5}},{"start":{"line":50,"column":9},"end":{"line":52,"column":5}}],"line":50}},"s":{"0":4,"1":1,"2":3,"3":1,"4":2,"5":2,"6":1,"7":1,"8":1,"9":0,"10":3,"11":1,"12":2,"13":1,"14":1,"15":3,"16":1,"17":2,"18":1,"19":1,"20":3,"21":1,"22":2,"23":1,"24":1,"25":1,"26":1,"27":1,"28":1,"29":1},"f":{"0":4,"1":2,"2":3,"3":3,"4":3},"b":{"0":[1,3],"1":[1,2],"2":[1,1],"3":[1,0],"4":[1,2],"5":[1,1],"6":[1,2],"7":[1,1],"8":[1,2],"9":[1,1]},"_coverageSchema":"1a1c01bbd47fc00a2c39e90264f33305004495a9","hash":"0d75e5b42895a94b1885573f13663ea3f189b00b"}
}
