TN:
SF:profileVal.js
FN:6,checkName
FN:16,checkAddress1
FN:26,checkAddress2
FN:36,checkCity
FN:46,checkZipcode
FNF:5
FNH:5
FNDA:4,checkName
FNDA:2,checkAddress1
FNDA:3,checkAddress2
FNDA:3,checkCity
FNDA:3,checkZipcode
DA:7,4
DA:8,1
DA:10,3
DA:11,1
DA:13,2
DA:17,2
DA:18,1
DA:20,1
DA:21,1
DA:23,0
DA:27,3
DA:28,1
DA:30,2
DA:31,1
DA:33,1
DA:37,3
DA:38,1
DA:40,2
DA:41,1
DA:43,1
DA:47,3
DA:48,1
DA:50,2
DA:51,1
DA:53,1
DA:60,1
DA:61,1
DA:62,1
DA:63,1
DA:64,1
LF:30
LH:29
BRDA:7,0,0,1
BRDA:7,0,1,3
BRDA:10,1,0,1
BRDA:10,1,1,2
BRDA:17,2,0,1
BRDA:17,2,1,1
BRDA:20,3,0,1
BRDA:20,3,1,0
BRDA:27,4,0,1
BRDA:27,4,1,2
BRDA:30,5,0,1
BRDA:30,5,1,1
BRDA:37,6,0,1
BRDA:37,6,1,2
BRDA:40,7,0,1
BRDA:40,7,1,1
BRDA:47,8,0,1
BRDA:47,8,1,2
BRDA:50,9,0,1
BRDA:50,9,1,1
BRF:20
BRH:19
end_of_record
